* using log directory ‘/Users/emaurer/Documents/classes/R_package_dev/hydraulics/revdep/checks.noindex/iemisc/old/iemisc.Rcheck’
* using R version 4.2.1 (2022-06-23)
* using platform: x86_64-apple-darwin17.0 (64-bit)
* using session charset: UTF-8
* using options ‘--no-manual --no-build-vignettes’
* checking for file ‘iemisc/DESCRIPTION’ ... OK
* this is package ‘iemisc’ version ‘1.0.4’
* package encoding: UTF-8
* checking package namespace information ... OK
* checking package dependencies ... OK
* checking if this is a source package ... OK
* checking if there is a namespace ... OK
* checking for executable files ... OK
* checking for hidden files and directories ... OK
* checking for portable file names ... OK
* checking for sufficient/correct file permissions ... OK
* checking whether package ‘iemisc’ can be installed ... OK
* checking installed package size ... OK
* checking package directory ... OK
* checking ‘build’ directory ... OK
* checking DESCRIPTION meta-information ... OK
* checking top-level files ... OK
* checking for left-over files ... OK
* checking index information ... OK
* checking package subdirectories ... OK
* checking R files for non-ASCII characters ... OK
* checking R files for syntax errors ... OK
* checking whether the package can be loaded ... OK
* checking whether the package can be loaded with stated dependencies ... OK
* checking whether the package can be unloaded cleanly ... OK
* checking whether the namespace can be loaded with stated dependencies ... OK
* checking whether the namespace can be unloaded cleanly ... OK
* checking loading without being on the library search path ... OK
* checking dependencies in R code ... OK
* checking S3 generic/method consistency ... OK
* checking replacement functions ... OK
* checking foreign function calls ... OK
* checking R code for possible problems ... OK
* checking Rd files ... OK
* checking Rd metadata ... OK
* checking Rd cross-references ... OK
* checking for missing documentation entries ... OK
* checking for code/documentation mismatches ... OK
* checking Rd \usage sections ... OK
* checking Rd contents ... OK
* checking for unstated dependencies in examples ... OK
* checking sizes of PDF files under ‘inst/doc’ ... OK
* checking installed files from ‘inst/doc’ ... OK
* checking files in ‘vignettes’ ... OK
* checking examples ... OK
* checking for unstated dependencies in ‘tests’ ... OK
* checking tests ... OK
  Running ‘spelling.R’
  Running ‘tinytest.R’
* checking for unstated dependencies in vignettes ... OK
* checking package vignettes in ‘inst/doc’ ... OK
* checking running R code from vignettes ... NONE
  ‘Air_Stripper.Rmd’ using ‘UTF-8’... OK
  ‘Comparing_Manningtrap.Rmd’ using ‘UTF-8’... OK
  ‘Comparing_Saturated_Vapor_Pressures.Rmd’ using ‘UTF-8’... OK
  ‘Construction_Measurement_Examples.Rmd’ using ‘UTF-8’... OK
  ‘Engineering_Survey_Examples.Rmd’ using ‘UTF-8’... OK
  ‘Friction_Loss_Calculation_Examples.Rmd’ using ‘UTF-8’... OK
  ‘GNU-Octave_Rem_Mod_fractdiff_Examples.Rmd’ using ‘UTF-8’... OK
  ‘GNU-Octave_cosd_Function_Examples.Rmd’ using ‘UTF-8’... OK
  ‘GNU-Octave_size_Function_Examples.Rmd’ using ‘UTF-8’... OK
  ‘Reynolds_number_Calculation_Examples.Rmd’ using ‘UTF-8’... OK
  ‘secprop_R_GNU-Octave_Example.Rmd’ using ‘UTF-8’... OK
* checking re-building of vignette outputs ... SKIPPED
* DONE
Status: OK
